<?xml version="1.0" encoding="UTF-8"?>
<!-- Generated by org.testng.reporters.JUnitReportReporter -->
<testsuite hostname="DESKTOP-VQCK5T1" failures="0" tests="1" name="interveiwQuestionsForSelenium.ChromeTest" time="4.026" errors="0" timestamp="2021-08-09T17:55:30 EDT" skipped="0">
  <testcase classname="interveiwQuestionsForSelenium.ChromeTest" name="ChromeTestMethod" time="4.026"/>
  <system-out/>
</testsuite> <!-- interveiwQuestionsForSelenium.ChromeTest -->
