<?xml version="1.0" encoding="UTF-8"?>
<!-- Generated by org.testng.reporters.JUnitReportReporter -->
<testsuite hostname="DESKTOP-VQCK5T1" failures="0" tests="1" name="interveiwQuestionsForSelenium.RunningTestClassesParallelFirefoxTest" time="2.994" errors="0" timestamp="2021-08-08T02:32:35 GMT-04:00" skipped="0">
  <testcase classname="interveiwQuestionsForSelenium.RunningTestClassesParallelFirefoxTest" name="FirefoxTestMethod" time="2.994"/>
  <system-out/>
</testsuite> <!-- interveiwQuestionsForSelenium.RunningTestClassesParallelFirefoxTest -->
