<?xml version="1.0" encoding="UTF-8"?>
<!-- Generated by org.testng.reporters.JUnitReportReporter -->
<testsuite hostname="DESKTOP-VQCK5T1" failures="0" tests="1" name="interveiwQuestionsForSelenium.FirefoxTest" time="3.541" errors="0" timestamp="2021-08-09T17:55:30 EDT" skipped="0">
  <testcase classname="interveiwQuestionsForSelenium.FirefoxTest" name="FirefoxTestMethod" time="3.541"/>
  <system-out/>
</testsuite> <!-- interveiwQuestionsForSelenium.FirefoxTest -->
