<?xml version="1.0" encoding="UTF-8"?>
<!-- Generated by org.testng.reporters.JUnitReportReporter -->
<testsuite hostname="DESKTOP-VQCK5T1" failures="0" tests="1" name="seleniumPractice.FindElements" time="4.175" errors="0" timestamp="2021-08-06T20:51:40 GMT-04:00" skipped="0">
  <testcase classname="seleniumPractice.FindElements" name="getUrl" time="4.175"/>
  <system-out/>
</testsuite> <!-- seleniumPractice.FindElements -->
