<?xml version="1.0" encoding="UTF-8"?>
<!-- Generated by org.testng.reporters.JUnitReportReporter -->
<testsuite hostname="DESKTOP-VQCK5T1" failures="0" tests="2" name="interveiwQuestionsForSelenium.ParallelTest" time="19.880" errors="0" timestamp="2021-08-09T17:55:30 EDT" skipped="0">
  <testcase classname="interveiwQuestionsForSelenium.ParallelTest" name="ChromeTest" time="8.934"/>
  <system-out/>
  <testcase classname="interveiwQuestionsForSelenium.ParallelTest" name="FirefoxTest" time="10.946"/>
  <system-out/>
</testsuite> <!-- interveiwQuestionsForSelenium.ParallelTest -->
