<?xml version="1.0" encoding="UTF-8"?>
<!-- Generated by org.testng.reporters.JUnitReportReporter -->
<testsuite hostname="DESKTOP-VQCK5T1" failures="0" tests="8" name="interveiwQuestionsForSelenium.TestNG" time="0.026" errors="0" timestamp="2021-08-08T02:57:51 GMT-04:00" skipped="0">
  <testcase classname="interveiwQuestionsForSelenium.TestNG" name="testMethod" time="0.002"/>
  <system-out/>
  <testcase classname="interveiwQuestionsForSelenium.TestNG" name="testMethod" time="0.001"/>
  <system-out/>
  <testcase classname="interveiwQuestionsForSelenium.TestNG" name="testMethod" time="0.005"/>
  <system-out/>
  <testcase classname="interveiwQuestionsForSelenium.TestNG" name="testMethod" time="0.001"/>
  <system-out/>
  <testcase classname="interveiwQuestionsForSelenium.TestNG" name="testMethod" time="0.003"/>
  <system-out/>
  <testcase classname="interveiwQuestionsForSelenium.TestNG" name="testMethod" time="0.006"/>
  <system-out/>
  <testcase classname="interveiwQuestionsForSelenium.TestNG" name="testMethod" time="0.003"/>
  <system-out/>
  <testcase classname="interveiwQuestionsForSelenium.TestNG" name="testMethod" time="0.005"/>
  <system-out/>
</testsuite> <!-- interveiwQuestionsForSelenium.TestNG -->
