<?xml version="1.0" encoding="UTF-8"?>
<!-- Generated by org.testng.reporters.JUnitReportReporter -->
<testsuite hostname="DESKTOP-VQCK5T1" failures="0" tests="1" name="interveiwQuestionsForSelenium.RunningTestClassesParallel1" time="2.456" errors="0" timestamp="2021-08-08T02:29:26 GMT-04:00" skipped="0">
  <testcase classname="interveiwQuestionsForSelenium.RunningTestClassesParallel1" name="ChromeTestMethod" time="2.456"/>
  <system-out/>
</testsuite> <!-- interveiwQuestionsForSelenium.RunningTestClassesParallel1 -->
